[unstop.com/index.html]
[backblue.gif]
[fade.gif]
[index.html]
[unstop.com/manifest.json]
[d8it4huxumps7.cloudfront.net/uploads/images/unstop/favicon/d2c-apple-touch-icon-57x57.png]
[d8it4huxumps7.cloudfront.net/uploads/images/unstop/favicon/d2c-apple-touch-icon-72x72.png]
[d8it4huxumps7.cloudfront.net/uploads/images/unstop/favicon/d2c-apple-touch-icon-76x76.png]
[d8it4huxumps7.cloudfront.net/uploads/images/unstop/favicon/d2c-apple-touch-icon-114x114.png]
[d8it4huxumps7.cloudfront.net/uploads/images/unstop/favicon/d2c-apple-touch-icon-120x120.png]
[d8it4huxumps7.cloudfront.net/uploads/images/unstop/favicon/d2c-apple-touch-icon-144x144.png]
[d8it4huxumps7.cloudfront.net/uploads/images/unstop/favicon/d2c-apple-touch-icon-152x152.png]
[d8it4huxumps7.cloudfront.net/uploads/images/unstop/favicon/d2c-apple-touch-icon-180x180.png]
[unstop.com/styles.7c551dc190615bd5.css]
[unstop.com/runtime.35a75418ba6461b5.js]
[unstop.com/polyfills.146535a106cb26b0.js]
[unstop.com/index.html]
[unstop.com/scripts.ea55f5e29fb0458d.js]
[d8it4huxumps7.cloudfront.net/images/d2c-icons/loading.gif]
[unstop.com/styles.7c551dc190615bd5.css]
[unstop.com/main.6e86c3a8b3e40320.js]
